2018-06-01 11:45:08.272870Find buy change for: ICXETH
Open Price: 0.00471017975 | 0.00463100
Close Price: 0.004709799500000002 | 0.00463100
Trading Volumn: 500.7293655 | 0.00000000
Current price: 0.004637
2018-06-01 11:45:09.891963Find buy change for: EOSETH
Open Price: 0.02107505125 | 0.02080600
Close Price: 0.021072232500000006 | 0.02078100
Trading Volumn: 596.9842274999999 | 34.11000000
Current price: 0.020806
2018-06-01 20:03:12.397145Find buy change for: ICXETH
Open Price: 0.004689292749999999 | 0.00470500
Close Price: 0.004689696749999998 | 0.00470400
Trading Volumn: 502.1272735 | 1419.40000000
Current price: 0.0047139967072
2018-06-01 20:03:13.218192Find buy change for: EOSETH
Open Price: 0.0209834495 | 0.02132000
Close Price: 0.020992928499999997 | 0.02137000
Trading Volumn: 1990.7384100000002 | 3043.38000000
Current price: 0.02137
2018-06-01 20:04:12.884604Find buy change for: ICXETH
Open Price: 0.004689292749999999 | 0.00470500
Close Price: 0.004689766249999999 | 0.00470600
Trading Volumn: 502.78188900000004 | 1443.69000000
Current price: 0.004714
2018-06-01 20:04:13.725652Find buy change for: EOSETH
Open Price: 0.0209834495 | 0.02132000
Close Price: 0.020992893749999995 | 0.02136900
Trading Volumn: 2005.3479275000002 | 3584.03000000
Current price: 0.021369
2018-06-01 20:07:16.758121Find buy change for: EOSETH
Open Price: 0.02101164890453906 | 0.02136900
Close Price: 0.0210206499118164 | 0.02137600
Trading Volumn: 1958.5853570526956 | 2674.75000000
Current price: 0.021376
2018-06-01 20:08:18.028626Find buy change for: EOSETH
Open Price: 0.02102058268192558 | 0.02136900
Close Price: 0.02102953366402099 | 0.02137600
Trading Volumn: 1996.2602231263782 | 3465.58000000
Current price: 0.021385
2018-06-01 20:09:19.743156Find buy change for: EOSETH
Open Price: 0.021029293114877442 | 0.02136900
Close Price: 0.021037720322420465 | 0.02135700
Trading Volumn: 2049.1299675482187 | 4111.05000000
Current price: 0.02138
2018-06-01 20:12:53.775398Find buy change for: EOSETH
Open Price: 0.02101443417406249 | 0.02137400
Close Price: 0.021021472808749997 | 0.02137400
Trading Volumn: 1942.5614765218747 | 3136.21000000
Current price: 0.021374
2018-06-01 20:13:54.682881Find buy change for: ICXETH
Open Price: 0.004692182368355468 | 0.00470900
Close Price: 0.004692371327886717 | 0.00470500
Trading Volumn: 454.4926222068282 | 509.52000000
Current price: 0.004712997174599999
2018-06-01 20:13:55.510929Find buy change for: EOSETH
Open Price: 0.021023423319710924 | 0.02137400
Close Price: 0.021029710988531247 | 0.02135100
Trading Volumn: 1975.9296896088279 | 3277.29000000
Current price: 0.02137
2018-06-01 20:14:56.387411Find buy change for: ICXETH
Open Price: 0.004692602809146581 | 0.00470900
Close Price: 0.004692687044689548 | 0.00470500
Trading Volumn: 460.09905665165746 | 678.75000000
Current price: 0.004712997174599999
2018-06-01 20:14:57.245460Find buy change for: EOSETH
Open Price: 0.02103218773671815 | 0.02137400
Close Price: 0.021038218213817964 | 0.02137000
Trading Volumn: 2018.3186973686072 | 3671.49000000
Current price: 0.02137
2018-06-01 20:17:20.497653Find buy change for: ICXETH
Open Price: 0.004691404249999999 | 0.00470600
Close Price: 0.004691600999999999 | 0.00470100
Trading Volumn: 478.3228885000001 | 546.34000000
Current price: 0.004704
2018-06-01 20:17:21.960737Find buy change for: EOSETH
Open Price: 0.021000887499999992 | 0.02136700
Close Price: 0.021009052249999993 | 0.02135000
Trading Volumn: 2023.7487529999999 | 4240.34000000
Current price: 0.021367
2018-06-01 20:18:22.845219Find buy change for: ICXETH
Open Price: 0.004691769143749999 | 0.00470600
Close Price: 0.004691835974999999 | 0.00470100
Trading Volumn: 486.76756628750013 | 816.11000000
Current price: 0.004703
2018-06-01 20:18:23.669266Find buy change for: EOSETH
Open Price: 0.021010040312499992 | 0.02136700
Close Price: 0.02101755094374999 | 0.02134900
Trading Volumn: 2115.769534175 | 5704.58000000
Current price: 0.021349
2018-06-01 20:19:24.542748Find buy change for: ICXETH
Open Price: 0.004692124915156249 | 0.00470600
Close Price: 0.004692065075625 | 0.00470100
Trading Volumn: 497.35837713031265 | 910.40000000
Current price: 0.004701
2018-06-01 20:19:25.332793Find buy change for: EOSETH
Open Price: 0.02101896430468749 | 0.02136700
Close Price: 0.02102578717015624 | 0.02134700
Trading Volumn: 2218.5530458206254 | 6227.11000000
Current price: 0.021347
2018-06-01 20:21:27.574785Find buy change for: ICXETH
Open Price: 0.00469251374747041 | 0.00470000
Close Price: 0.004692408112516016 | 0.00470000
Trading Volumn: 512.2281947595035 | 1112.02000000
Current price: 0.004704
2018-06-01 20:21:28.408833Find buy change for: EOSETH
Open Price: 0.021035161067143548 | 0.02134700
Close Price: 0.021041795178629776 | 0.02135000
Trading Volumn: 2222.224782933232 | 2615.63000000
Current price: 0.021366
2018-06-01 20:22:29.751342Find buy change for: ICXETH
Open Price: 0.00469270090378365 | 0.00470000
Close Price: 0.0046925979097031155 | 0.00470000
Trading Volumn: 527.7597398905159 | 1133.49000000
Current price: 0.004704
2018-06-01 20:22:30.581389Find buy change for: EOSETH
Open Price: 0.02104295704046496 | 0.02134700
Close Price: 0.02104930029916403 | 0.02134200
Trading Volumn: 2238.713163359901 | 2881.76000000
Current price: 0.021364
2018-06-01 20:23:31.477872Find buy change for: ICXETH
Open Price: 0.004692883381189059 | 0.00470000
Close Price: 0.004692782961960538 | 0.00470000
Trading Volumn: 545.6732463932531 | 1244.30000000
Current price: 0.004704
2018-06-01 20:23:32.281918Find buy change for: EOSETH
Open Price: 0.021050558114453336 | 0.02134700
Close Price: 0.021056567791684928 | 0.02134000
Trading Volumn: 2270.574584275904 | 3513.17000000
Current price: 0.021365
2018-06-02 09:24:57.180611Find buy change for: DGDETH
Open Price: 0.2310675974374999 | 0.23549000
Close Price: 0.23108087518749998 | 0.23452000
Trading Volumn: 1.1056882224999998 | 2.24500000
Current price: 0.23492
2018-06-02 09:24:58.193669Find buy change for: DLTETH
Open Price: 0.000326136009625 | 0.00033034
Close Price: 0.0003261290033749999 | 0.00033083
Trading Volumn: 356.2368962500001 | 1468.00000000
Current price: 0.00033141
2018-06-02 09:32:02.026911Find buy change for: ELFETH
Open Price: 0.001899839380677503 | 0.00197456
Close Price: 0.0019005044957273176 | 0.00197500
Trading Volumn: 630.7576635347252 | 1809.00000000
Current price: 0.001975
2018-06-02 09:32:02.861958Find buy change for: ENGETH
Open Price: 0.0033481012723348374 | 0.00339650
Close Price: 0.0033478134395538654 | 0.00338780
Trading Volumn: 60.35851964112476 | 614.00000000
Current price: 0.0033937890821999998
2018-06-02 09:34:21.981915Find buy change for: ELFETH
Open Price: 0.0019037022487565511 | 0.00198000
Close Price: 0.0019043345237507812 | 0.00198000
Trading Volumn: 680.0165038976982 | 3142.00000000
Current price: 0.00198
2018-06-02 09:35:32.843969Find buy change for: ELFETH
Open Price: 0.0019055026925376374 | 0.00197572
Close Price: 0.0019061264106570116 | 0.00197601
Trading Volumn: 695.2160913002557 | 1288.00000000
Current price: 0.00198495
